<?xml version="1.0" encoding="UTF-8"?>
<!-- Generated by org.testng.reporters.JUnitReportReporter -->
<testsuite skipped="0" hostname="Josephs-MacBoo.local" name="com.fbistech.testcases.School_OrganizationTest" tests="3" failures="0" timestamp="2021-01-20T03:54:34 WAT" time="43.057" errors="0">
  <testcase name="verifyUserCanClickSponsorLink" time="11.407" classname="com.fbistech.testcases.School_OrganizationTest"/>
  <system-out/>
  <testcase name="verifyUserCanClickOnSchoolFormBtn" time="14.418" classname="com.fbistech.testcases.School_OrganizationTest"/>
  <system-out/>
  <testcase name="verifyUserCanFillSponsorForm" time="17.232" classname="com.fbistech.testcases.School_OrganizationTest"/>
  <system-out/>
</testsuite> <!-- com.fbistech.testcases.School_OrganizationTest -->
