<?xml version="1.0" encoding="UTF-8"?>
<!-- Generated by org.testng.reporters.JUnitReportReporter -->
<testsuite skipped="0" hostname="Josephs-MacBoo.local" name="com.fbistech.testcases.SponsorTest" tests="5" failures="0" timestamp="2021-01-20T17:05:39 WAT" time="73.483" errors="0">
  <testcase name="verifyUserCanClickSponsorLink" time="10.572" classname="com.fbistech.testcases.SponsorTest"/>
  <system-out/>
  <testcase name="verifyUserCanClickOnSporsorFormBtn" time="16.659" classname="com.fbistech.testcases.SponsorTest"/>
  <system-out/>
  <testcase name="verifyUserCanFillSponsorForm" time="17.560" classname="com.fbistech.testcases.SponsorTest"/>
  <system-out/>
  <testcase name="verifyCountryDropdownValue" time="15.070" classname="com.fbistech.testcases.SponsorTest"/>
  <system-out/>
  <testcase name="verifyCityDropdownValue" time="13.622" classname="com.fbistech.testcases.SponsorTest"/>
  <system-out/>
</testsuite> <!-- com.fbistech.testcases.SponsorTest -->
