<?xml version="1.0" encoding="UTF-8"?>
<!-- Generated by org.testng.reporters.JUnitReportReporter -->
<testsuite skipped="0" hostname="Josephs-MacBoo.local" name="com.fbistech.testcases.TutorTest" tests="2" failures="0" timestamp="2021-01-20T04:47:28 WAT" time="29.935" errors="0">
  <testcase name="verifyUserCanClickSponsorLink" time="12.110" classname="com.fbistech.testcases.TutorTest"/>
  <system-out/>
  <testcase name="verifyUserCanFillTutorForm" time="17.825" classname="com.fbistech.testcases.TutorTest"/>
  <system-out/>
</testsuite> <!-- com.fbistech.testcases.TutorTest -->
